<?xml version="1.0" encoding="UTF-8"?>
<!-- Generated by org.testng.reporters.JUnitReportReporter -->
<testsuite hostname="DFW22AAA081819" failures="0" tests="2" name="arrays.FormNewNumberFromMaximumDigit" time="0.016" errors="0" timestamp="2021-09-20T15:45:41 CDT" skipped="0">
  <testcase classname="arrays.FormNewNumberFromMaximumDigit" name="testCase2" time="0.000"/>
  <system-out/>
  <testcase classname="arrays.FormNewNumberFromMaximumDigit" name="testCase1" time="0.016"/>
  <system-out/>
</testsuite> <!-- arrays.FormNewNumberFromMaximumDigit -->
